LoginRegister/app/build/intermediates/manifest_merge_blame_file/debug/manifest-merger-blame-debug-report.txt
1<?xml version="1.0" encoding="utf-8"?>
2<manifest xmlns:android="http://schemas.android.com/apk/res/android"
3    package="com.example.loginregister"
4    android:versionCode="1"
5    android:versionName="1.0" >
6
7    <uses-sdk
8        android:minSdkVersion="21"
8-->src\main\AndroidManifest.xml
9        android:targetSdkVersion="32" />
9-->src\main\AndroidManifest.xml
10
11    <uses-permission android:name="android.permission.INTERNET" />
11-->src\main\AndroidManifest.xml:5:5-66
11-->src\main\AndroidManifest.xml:5:22-64
12
13    <application
13-->src\main\AndroidManifest.xml:6:5-40:19
14        android:allowBackup="true"
14-->src\main\AndroidManifest.xml:7:9-35
15        android:appComponentFactory="androidx.core.app.CoreComponentFactory"
15-->[androidx.core:core:1.7.0] AndroidManifest.xml:24:18-86
16        android:dataExtractionRules="@xml/data_extraction_rules"
16-->src\main\AndroidManifest.xml:8:9-65
17        android:debuggable="true"
18        android:fullBackupContent="@xml/backup_rules"
18-->src\main\AndroidManifest.xml:9:9-54
19        android:icon="@mipmap/ic_launcher"
19-->src\main\AndroidManifest.xml:10:9-43
20        android:label="@string/app_name"
20-->src\main\AndroidManifest.xml:11:9-41
21        android:roundIcon="@mipmap/ic_launcher_round"
21-->src\main\AndroidManifest.xml:12:9-54
22        android:supportsRtl="true"
22-->src\main\AndroidManifest.xml:13:9-35
23        android:testOnly="true"
24        android:theme="@style/Theme.LoginRegister"
24-->src\main\AndroidManifest.xml:15:9-51
25        android:usesCleartextTraffic="true" >
25-->src\main\AndroidManifest.xml:14:9-44
26        <activity
26-->src\main\AndroidManifest.xml:17:9-27:20
27            android:name="com.example.loginregister.Login"
27-->src\main\AndroidManifest.xml:18:13-34
28            android:exported="true"
28-->src\main\AndroidManifest.xml:20:13-36
29            android:theme="@style/Theme.Design.Light.NoActionBar" >
29-->src\main\AndroidManifest.xml:19:13-66
30            <intent-filter>
30-->src\main\AndroidManifest.xml:22:9-26:25
31                <action android:name="android.intent.action.MAIN" />
31-->src\main\AndroidManifest.xml:23:13-65
31-->src\main\AndroidManifest.xml:23:21-62
32
33                <category android:name="android.intent.category.LAUNCHER" />
33-->src\main\AndroidManifest.xml:25:13-73
33-->src\main\AndroidManifest.xml:25:23-70
34            </intent-filter>
35        </activity>
36        <activity
36-->src\main\AndroidManifest.xml:28:9-31:38
37            android:name="com.example.loginregister.SignUp"
37-->src\main\AndroidManifest.xml:29:13-35
38            android:exported="true"
38-->src\main\AndroidManifest.xml:31:13-36
39            android:theme="@style/Theme.Design.Light.NoActionBar" />
39-->src\main\AndroidManifest.xml:30:13-66
40            android:exported="false">
41        <activity
41-->src\main\AndroidManifest.xml:35:9-37:38
42            android:name="com.example.loginregister.MainActivity"
42-->src\main\AndroidManifest.xml:36:13-41
43            android:exported="true" />
43-->src\main\AndroidManifest.xml:37:13-36
44
45        <provider
45-->[androidx.emoji2:emoji2:1.0.0] AndroidManifest.xml:26:9-34:20
46            android:name="androidx.startup.InitializationProvider"
46-->[androidx.emoji2:emoji2:1.0.0] AndroidManifest.xml:27:13-67
47            android:authorities="com.example.loginregister.androidx-startup"
47-->[androidx.emoji2:emoji2:1.0.0] AndroidManifest.xml:28:13-68
48            android:exported="false" >
48-->[androidx.emoji2:emoji2:1.0.0] AndroidManifest.xml:29:13-37
49            <meta-data
49-->[androidx.emoji2:emoji2:1.0.0] AndroidManifest.xml:31:13-33:52
50                android:name="androidx.emoji2.text.EmojiCompatInitializer"
50-->[androidx.emoji2:emoji2:1.0.0] AndroidManifest.xml:32:17-75
51                android:value="androidx.startup" />
51-->[androidx.emoji2:emoji2:1.0.0] AndroidManifest.xml:33:17-49
52            <meta-data
52-->[androidx.lifecycle:lifecycle-process:2.4.0] AndroidManifest.xml:31:13-33:52
53                android:name="androidx.lifecycle.ProcessLifecycleInitializer"
53-->[androidx.lifecycle:lifecycle-process:2.4.0] AndroidManifest.xml:32:17-78
54                android:value="androidx.startup" />
54-->[androidx.lifecycle:lifecycle-process:2.4.0] AndroidManifest.xml:33:17-49
55        </provider>
56    </application>
57
58</manifest>